#
# There is insufficient memory for the Java Runtime Environment to continue.
# Native memory allocation (mmap) failed to map 141557760 bytes for committing reserved memory.
# Possible reasons:
#   The system is out of physical RAM or swap space
#   In 32 bit mode, the process size limit was hit
# Possible solutions:
#   Reduce memory load on the system
#   Increase physical memory or swap space
#   Check if swap backing store is full
#   Use 64 bit Java on a 64 bit OS
#   Decrease Java heap size (-Xmx/-Xms)
#   Decrease number of Java threads
#   Decrease Java thread stack sizes (-Xss)
#   Set larger code cache with -XX:ReservedCodeCacheSize=
# This output file may be truncated or incomplete.
#
#  Out of Memory Error (os_linux.cpp:2627), pid=3635, tid=140249399269120
#
# JRE version: Java(TM) SE Runtime Environment (8.0_91-b14) (build 1.8.0_91-b14)
# Java VM: Java HotSpot(TM) 64-Bit Server VM (25.91-b14 mixed mode linux-amd64 compressed oops)
# Failed to write core dump. Core dumps have been disabled. To enable core dumping, try "ulimit -c unlimited" before starting Java again
#

---------------  T H R E A D  ---------------

Current thread (0x00007f8e7c078000):  VMThread [stack: 0x00007f8e5b8f9000,0x00007f8e5b9fa000] [id=3644]

Stack: [0x00007f8e5b8f9000,0x00007f8e5b9fa000],  sp=0x00007f8e5b9f7fa0,  free space=1019k
Native frames: (J=compiled Java code, j=interpreted, Vv=VM code, C=native code)
V  [libjvm.so+0xabc18a]  VMError::report_and_die()+0x2ba
V  [libjvm.so+0x4fafeb]  report_vm_out_of_memory(char const*, int, unsigned long, VMErrorType, char const*)+0x8b
V  [libjvm.so+0x91cbb3]  os::Linux::commit_memory_impl(char*, unsigned long, bool)+0x103
V  [libjvm.so+0x91d109]  os::pd_commit_memory(char*, unsigned long, unsigned long, bool)+0x29
V  [libjvm.so+0x91740a]  os::commit_memory(char*, unsigned long, unsigned long, bool)+0x2a
V  [libjvm.so+0x98b033]  PSVirtualSpace::expand_by(unsigned long)+0x53
V  [libjvm.so+0x98c438]  PSYoungGen::resize_generation(unsigned long, unsigned long)+0xf8
V  [libjvm.so+0x98b592]  PSYoungGen::resize(unsigned long, unsigned long)+0x22
V  [libjvm.so+0x98886b]  PSScavenge::invoke_no_policy()+0xf3b
V  [libjvm.so+0x988ff1]  PSScavenge::invoke()+0x41
V  [libjvm.so+0x9408b0]  ParallelScavengeHeap::failed_mem_allocate(unsigned long)+0x70
V  [libjvm.so+0xabdba7]  VM_ParallelGCFailedAllocation::doit()+0x97
V  [libjvm.so+0xac55d5]  VM_Operation::evaluate()+0x55
V  [libjvm.so+0xac39aa]  VMThread::evaluate_operation(VM_Operation*)+0xba
V  [libjvm.so+0xac3d2e]  VMThread::loop()+0x1ce
V  [libjvm.so+0xac41a0]  VMThread::run()+0x70
V  [libjvm.so+0x91ef78]  java_start(Thread*)+0x108

VM_Operation (0x00007f8e82143a30): ParallelGCFailedAllocation, mode: safepoint, requested by thread 0x00007f8e7c00a000


---------------  P R O C E S S  ---------------

Java Threads: ( => current thread )
  0x00007f8e7c0c0800 JavaThread "Service Thread" daemon [_thread_blocked, id=3651, stack(0x00007f8e5af1a000,0x00007f8e5b01b000)]
  0x00007f8e7c0bd800 JavaThread "C1 CompilerThread2" daemon [_thread_blocked, id=3650, stack(0x00007f8e5b01b000,0x00007f8e5b11c000)]
  0x00007f8e7c0bc000 JavaThread "C2 CompilerThread1" daemon [_thread_blocked, id=3649, stack(0x00007f8e5b11c000,0x00007f8e5b21d000)]
  0x00007f8e7c0b9000 JavaThread "C2 CompilerThread0" daemon [_thread_blocked, id=3648, stack(0x00007f8e5b21d000,0x00007f8e5b31e000)]
  0x00007f8e7c0b7800 JavaThread "Signal Dispatcher" daemon [_thread_blocked, id=3647, stack(0x00007f8e5b31e000,0x00007f8e5b41f000)]
  0x00007f8e7c084000 JavaThread "Finalizer" daemon [_thread_blocked, id=3646, stack(0x00007f8e5b6f7000,0x00007f8e5b7f8000)]
  0x00007f8e7c07f800 JavaThread "Reference Handler" daemon [_thread_blocked, id=3645, stack(0x00007f8e5b7f8000,0x00007f8e5b8f9000)]
  0x00007f8e7c00a000 JavaThread "main" [_thread_blocked, id=3639, stack(0x00007f8e82045000,0x00007f8e82146000)]

Other Threads:
=>0x00007f8e7c078000 VMThread [stack: 0x00007f8e5b8f9000,0x00007f8e5b9fa000] [id=3644]
  0x00007f8e7c0c3800 WatcherThread [stack: 0x00007f8e5ae19000,0x00007f8e5af1a000] [id=3652]

VM state:at safepoint (normal execution)

VM Mutex/Monitor currently owned by a thread:  ([mutex/lock_event])
[0x00007f8e7c006510] Threads_lock - owner thread: 0x00007f8e7c078000
[0x00007f8e7c006a10] Heap_lock - owner thread: 0x00007f8e7c00a000

Heap:
 PSYoungGen      total 135168K, used 14325K [0x00000000eab00000, 0x00000000f3f00000, 0x0000000100000000)
  eden space 120832K, 0% used [0x00000000eab00000,0x00000000eab00000,0x00000000f2100000)
  from space 14336K, 99% used [0x00000000f2100000,0x00000000f2efd580,0x00000000f2f00000)
  to   space 12288K, 0% used [0x00000000f2f00000,0x00000000f2f00000,0x00000000f3b00000)
 ParOldGen       total 40960K, used 37208K [0x00000000c0000000, 0x00000000c2800000, 0x00000000eab00000)
  object space 40960K, 90% used [0x00000000c0000000,0x00000000c2456178,0x00000000c2800000)
 Metaspace       used 6083K, capacity 7152K, committed 7296K, reserved 1056768K
  class space    used 575K, capacity 616K, committed 640K, reserved 1048576K

Card table byte_map: [0x00007f8e6bba9000,0x00007f8e6bdaa000] byte_map_base: 0x00007f8e6b5a9000

Marking Bits: (ParMarkBitMap*) 0x00007f8e8151cd60
 Begin Bits: [0x00007f8e6964f000, 0x00007f8e6a64f000)
 End Bits:   [0x00007f8e6a64f000, 0x00007f8e6b64f000)

Polling page: 0x00007f8e8216b000

CodeCache: size=245760Kb used=8002Kb max_used=8018Kb free=237757Kb
 bounds [0x00007f8e6c16a000, 0x00007f8e6c94a000, 0x00007f8e7b16a000]
 total_blobs=2093 nmethods=1829 adapters=178
 compilation: enabled

Compilation events (10 events):
Event: 9.443 Thread 0x00007f8e7c0bd800 1888       2       com.android.dx.dex.file.AnnotationsDirectoryItem::setClassAnnotations (45 bytes)
Event: 9.443 Thread 0x00007f8e7c0bd800 nmethod 1888 0x00007f8e6c93d510 code [0x00007f8e6c93d6a0, 0x00007f8e6c93da08]
Event: 9.545 Thread 0x00007f8e7c0bd800 1890       1       java.util.TreeMap$Entry::getKey (5 bytes)
Event: 9.545 Thread 0x00007f8e7c0bd800 nmethod 1890 0x00007f8e6c8aead0 code [0x00007f8e6c8aec20, 0x00007f8e6c8aed30]
Event: 9.545 Thread 0x00007f8e7c0bd800 1891       2       com.android.dx.rop.code.RegisterSpecList::indexOfRegister (38 bytes)
Event: 9.546 Thread 0x00007f8e7c0bd800 nmethod 1891 0x00007f8e6c93cf90 code [0x00007f8e6c93d100, 0x00007f8e6c93d368]
Event: 9.695 Thread 0x00007f8e7c0bd800 1893       2       com.android.dx.rop.code.SwitchInsn::accept (8 bytes)
Event: 9.695 Thread 0x00007f8e7c0bd800 nmethod 1893 0x00007f8e6c901ed0 code [0x00007f8e6c902040, 0x00007f8e6c9021c8]
Event: 9.696 Thread 0x00007f8e7c0bd800 1894       2       com.android.dx.ssa.DeadCodeRemover$NoSideEffectVisitor::visitMoveInsn (22 bytes)
Event: 9.696 Thread 0x00007f8e7c0bd800 nmethod 1894 0x00007f8e6c93ca90 code [0x00007f8e6c93cc00, 0x00007f8e6c93cdf8]

GC Heap History (10 events):
Event: 3.116 GC heap after
Heap after GC invocations=2 (full 0):
 PSYoungGen      total 33280K, used 2535K [0x00000000eab00000, 0x00000000ece00000, 0x0000000100000000)
  eden space 30720K, 0% used [0x00000000eab00000,0x00000000eab00000,0x00000000ec900000)
  from space 2560K, 99% used [0x00000000ecb80000,0x00000000ecdf9c60,0x00000000ece00000)
  to   space 2560K, 0% used [0x00000000ec900000,0x00000000ec900000,0x00000000ecb80000)
 ParOldGen       total 40960K, used 4161K [0x00000000c0000000, 0x00000000c2800000, 0x00000000eab00000)
  object space 40960K, 10% used [0x00000000c0000000,0x00000000c04105d8,0x00000000c2800000)
 Metaspace       used 5643K, capacity 6896K, committed 7040K, reserved 1056768K
  class space    used 556K, capacity 616K, committed 640K, reserved 1048576K
}
Event: 4.101 GC heap before
{Heap before GC invocations=3 (full 0):
 PSYoungGen      total 33280K, used 33255K [0x00000000eab00000, 0x00000000ece00000, 0x0000000100000000)
  eden space 30720K, 100% used [0x00000000eab00000,0x00000000ec900000,0x00000000ec900000)
  from space 2560K, 99% used [0x00000000ecb80000,0x00000000ecdf9c60,0x00000000ece00000)
  to   space 2560K, 0% used [0x00000000ec900000,0x00000000ec900000,0x00000000ecb80000)
 ParOldGen       total 40960K, used 4161K [0x00000000c0000000, 0x00000000c2800000, 0x00000000eab00000)
  object space 40960K, 10% used [0x00000000c0000000,0x00000000c04105d8,0x00000000c2800000)
 Metaspace       used 5807K, capacity 7024K, committed 7296K, reserved 1056768K
  class space    used 556K, capacity 616K, committed 640K, reserved 1048576K
Event: 4.146 GC heap after
Heap after GC invocations=3 (full 0):
 PSYoungGen      total 33280K, used 2530K [0x00000000eab00000, 0x00000000eec00000, 0x0000000100000000)
  eden space 30720K, 0% used [0x00000000eab00000,0x00000000eab00000,0x00000000ec900000)
  from space 2560K, 98% used [0x00000000ec900000,0x00000000ecb78878,0x00000000ecb80000)
  to   space 2560K, 0% used [0x00000000ee980000,0x00000000ee980000,0x00000000eec00000)
 ParOldGen       total 40960K, used 9051K [0x00000000c0000000, 0x00000000c2800000, 0x00000000eab00000)
  object space 40960K, 22% used [0x00000000c0000000,0x00000000c08d6e90,0x00000000c2800000)
 Metaspace       used 5807K, capacity 7024K, committed 7296K, reserved 1056768K
  class space    used 556K, capacity 616K, committed 640K, reserved 1048576K
}
Event: 4.607 GC heap before
{Heap before GC invocations=4 (full 0):
 PSYoungGen      total 33280K, used 33250K [0x00000000eab00000, 0x00000000eec00000, 0x0000000100000000)
  eden space 30720K, 100% used [0x00000000eab00000,0x00000000ec900000,0x00000000ec900000)
  from space 2560K, 98% used [0x00000000ec900000,0x00000000ecb78878,0x00000000ecb80000)
  to   space 2560K, 0% used [0x00000000ee980000,0x00000000ee980000,0x00000000eec00000)
 ParOldGen       total 40960K, used 9051K [0x00000000c0000000, 0x00000000c2800000, 0x00000000eab00000)
  object space 40960K, 22% used [0x00000000c0000000,0x00000000c08d6e90,0x00000000c2800000)
 Metaspace       used 5832K, capacity 7088K, committed 7296K, reserved 1056768K
  class space    used 556K, capacity 616K, committed 640K, reserved 1048576K
Event: 4.640 GC heap after
Heap after GC invocations=4 (full 0):
 PSYoungGen      total 64000K, used 2548K [0x00000000eab00000, 0x00000000eec00000, 0x0000000100000000)
  eden space 61440K, 0% used [0x00000000eab00000,0x00000000eab00000,0x00000000ee700000)
  from space 2560K, 99% used [0x00000000ee980000,0x00000000eebfd018,0x00000000eec00000)
  to   space 2560K, 0% used [0x00000000ee700000,0x00000000ee700000,0x00000000ee980000)
 ParOldGen       total 40960K, used 13404K [0x00000000c0000000, 0x00000000c2800000, 0x00000000eab00000)
  object space 40960K, 32% used [0x00000000c0000000,0x00000000c0d17200,0x00000000c2800000)
 Metaspace       used 5832K, capacity 7088K, committed 7296K, reserved 1056768K
  class space    used 556K, capacity 616K, committed 640K, reserved 1048576K
}
Event: 6.204 GC heap before
{Heap before GC invocations=5 (full 0):
 PSYoungGen      total 64000K, used 63988K [0x00000000eab00000, 0x00000000eec00000, 0x0000000100000000)
  eden space 61440K, 100% used [0x00000000eab00000,0x00000000ee700000,0x00000000ee700000)
  from space 2560K, 99% used [0x00000000ee980000,0x00000000eebfd018,0x00000000eec00000)
  to   space 2560K, 0% used [0x00000000ee700000,0x00000000ee700000,0x00000000ee980000)
 ParOldGen       total 40960K, used 13404K [0x00000000c0000000, 0x00000000c2800000, 0x00000000eab00000)
  object space 40960K, 32% used [0x00000000c0000000,0x00000000c0d17200,0x00000000c2800000)
 Metaspace       used 5902K, capacity 7088K, committed 7296K, reserved 1056768K
  class space    used 556K, capacity 616K, committed 640K, reserved 1048576K
Event: 6.270 GC heap after
Heap after GC invocations=5 (full 0):
 PSYoungGen      total 64000K, used 2545K [0x00000000eab00000, 0x00000000f3b00000, 0x0000000100000000)
  eden space 61440K, 0% used [0x00000000eab00000,0x00000000eab00000,0x00000000ee700000)
  from space 2560K, 99% used [0x00000000ee700000,0x00000000ee97c7a0,0x00000000ee980000)
  to   space 12288K, 0% used [0x00000000f2f00000,0x00000000f2f00000,0x00000000f3b00000)
 ParOldGen       total 40960K, used 23148K [0x00000000c0000000, 0x00000000c2800000, 0x00000000eab00000)
  object space 40960K, 56% used [0x00000000c0000000,0x00000000c169b010,0x00000000c2800000)
 Metaspace       used 5902K, capacity 7088K, committed 7296K, reserved 1056768K
  class space    used 556K, capacity 616K, committed 640K, reserved 1048576K
}
Event: 7.443 GC heap before
{Heap before GC invocations=6 (full 0):
 PSYoungGen      total 64000K, used 63985K [0x00000000eab00000, 0x00000000f3b00000, 0x0000000100000000)
  eden space 61440K, 100% used [0x00000000eab00000,0x00000000ee700000,0x00000000ee700000)
  from space 2560K, 99% used [0x00000000ee700000,0x00000000ee97c7a0,0x00000000ee980000)
  to   space 12288K, 0% used [0x00000000f2f00000,0x00000000f2f00000,0x00000000f3b00000)
 ParOldGen       total 40960K, used 23148K [0x00000000c0000000, 0x00000000c2800000, 0x00000000eab00000)
  object space 40960K, 56% used [0x00000000c0000000,0x00000000c169b010,0x00000000c2800000)
 Metaspace       used 5968K, capacity 7152K, committed 7296K, reserved 1056768K
  class space    used 556K, capacity 616K, committed 640K, reserved 1048576K
Event: 7.523 GC heap after
Heap after GC invocations=6 (full 0):
 PSYoungGen      total 133120K, used 12217K [0x00000000eab00000, 0x00000000f3f00000, 0x0000000100000000)
  eden space 120832K, 0% used [0x00000000eab00000,0x00000000eab00000,0x00000000f2100000)
  from space 12288K, 99% used [0x00000000f2f00000,0x00000000f3aee4c0,0x00000000f3b00000)
  to   space 14336K, 0% used [0x00000000f2100000,0x00000000f2100000,0x00000000f2f00000)
 ParOldGen       total 40960K, used 23148K [0x00000000c0000000, 0x00000000c2800000, 0x00000000eab00000)
  object space 40960K, 56% used [0x00000000c0000000,0x00000000c169b010,0x00000000c2800000)
 Metaspace       used 5968K, capacity 7152K, committed 7296K, reserved 1056768K
  class space    used 556K, capacity 616K, committed 640K, reserved 1048576K
}
Event: 9.715 GC heap before
{Heap before GC invocations=7 (full 0):
 PSYoungGen      total 133120K, used 133049K [0x00000000eab00000, 0x00000000f3f00000, 0x0000000100000000)
  eden space 120832K, 100% used [0x00000000eab00000,0x00000000f2100000,0x00000000f2100000)
  from space 12288K, 99% used [0x00000000f2f00000,0x00000000f3aee4c0,0x00000000f3b00000)
  to   space 14336K, 0% used [0x00000000f2100000,0x00000000f2100000,0x00000000f2f00000)
 ParOldGen       total 40960K, used 23148K [0x00000000c0000000, 0x00000000c2800000, 0x00000000eab00000)
  object space 40960K, 56% used [0x00000000c0000000,0x00000000c169b010,0x00000000c2800000)
 Metaspace       used 6083K, capacity 7152K, committed 7296K, reserved 1056768K
  class space    used 575K, capacity 616K, committed 640K, reserved 1048576K

Deoptimization events (10 events):
Event: 8.696 Thread 0x00007f8e7c00a000 Uncommon trap: reason=unstable_if action=reinterpret pc=0x00007f8e6c8d0270 method=java.util.HashMap.getNode(ILjava/lang/Object;)Ljava/util/HashMap$Node; @ 84
Event: 8.857 Thread 0x00007f8e7c00a000 Uncommon trap: reason=class_check action=maybe_recompile pc=0x00007f8e6c897ddc method=com.android.dx.cf.code.OneLocalsArray.set(ILcom/android/dx/rop/type/TypeBearer;)V @ 85
Event: 8.857 Thread 0x00007f8e7c00a000 Uncommon trap: reason=class_check action=maybe_recompile pc=0x00007f8e6c897ddc method=com.android.dx.cf.code.OneLocalsArray.set(ILcom/android/dx/rop/type/TypeBearer;)V @ 85
Event: 8.865 Thread 0x00007f8e7c00a000 Uncommon trap: reason=class_check action=maybe_recompile pc=0x00007f8e6c897ddc method=com.android.dx.cf.code.OneLocalsArray.set(ILcom/android/dx/rop/type/TypeBearer;)V @ 85
Event: 8.866 Thread 0x00007f8e7c00a000 Uncommon trap: reason=class_check action=maybe_recompile pc=0x00007f8e6c897ddc method=com.android.dx.cf.code.OneLocalsArray.set(ILcom/android/dx/rop/type/TypeBearer;)V @ 85
Event: 9.003 Thread 0x00007f8e7c00a000 Uncommon trap: reason=unstable_if action=reinterpret pc=0x00007f8e6c827340 method=com.android.dx.ssa.MoveParamCombiner$1.visitNonMoveInsn(Lcom/android/dx/ssa/NormalSsaInsn;)V @ 27
Event: 9.051 Thread 0x00007f8e7c00a000 Uncommon trap: reason=bimorphic action=maybe_recompile pc=0x00007f8e6c82c4a4 method=com.android.dx.ssa.LiteralOpUpgrader.tryReplacingWithConstant(Lcom/android/dx/ssa/NormalSsaInsn;)Z @ 62
Event: 9.067 Thread 0x00007f8e7c00a000 Uncommon trap: reason=bimorphic action=maybe_recompile pc=0x00007f8e6c82c4a4 method=com.android.dx.ssa.LiteralOpUpgrader.tryReplacingWithConstant(Lcom/android/dx/ssa/NormalSsaInsn;)Z @ 62
Event: 9.151 Thread 0x00007f8e7c00a000 Uncommon trap: reason=bimorphic action=maybe_recompile pc=0x00007f8e6c90d760 method=com.android.dx.cf.code.BytecodeArray.parseInstruction(ILcom/android/dx/cf/code/BytecodeArray$Visitor;)I @ 1357
Event: 9.151 Thread 0x00007f8e7c00a000 Uncommon trap: reason=bimorphic action=maybe_recompile pc=0x00007f8e6c90d760 method=com.android.dx.cf.code.BytecodeArray.parseInstruction(ILcom/android/dx/cf/code/BytecodeArray$Visitor;)I @ 1357

Internal exceptions (7 events):
Event: 0.204 Thread 0x00007f8e7c00a000 Exception <a 'java/lang/NoSuchMethodError': Method sun.misc.Unsafe.defineClass(Ljava/lang/String;[BII)Ljava/lang/Class; name or signature does not match> (0x00000000eab07cc0) thrown at [/HUDSON/workspace/8-2-build-linux-amd64/jdk8u91/6644/hotspot/src/shar
Event: 0.204 Thread 0x00007f8e7c00a000 Exception <a 'java/lang/NoSuchMethodError': Method sun.misc.Unsafe.prefetchRead(Ljava/lang/Object;J)V name or signature does not match> (0x00000000eab07fa8) thrown at [/HUDSON/workspace/8-2-build-linux-amd64/jdk8u91/6644/hotspot/src/share/vm/prims/jni.cpp
Event: 5.001 Thread 0x00007f8e7c00a000 Implicit null exception at 0x00007f8e6c787591 to 0x00007f8e6c78a235
Event: 6.471 Thread 0x00007f8e7c00a000 Implicit null exception at 0x00007f8e6c657faf to 0x00007f8e6c6591c9
Event: 8.024 Thread 0x00007f8e7c00a000 Exception <a 'java/lang/ArrayIndexOutOfBoundsException': 18> (0x00000000ec6e2810) thrown at [/HUDSON/workspace/8-2-build-linux-amd64/jdk8u91/6644/hotspot/src/share/vm/interpreter/interpreterRuntime.cpp, line 366]
Event: 8.024 Thread 0x00007f8e7c00a000 Exception <a 'java/lang/ArrayIndexOutOfBoundsException': 145> (0x00000000ec6e4390) thrown at [/HUDSON/workspace/8-2-build-linux-amd64/jdk8u91/6644/hotspot/src/share/vm/interpreter/interpreterRuntime.cpp, line 366]
Event: 8.026 Thread 0x00007f8e7c00a000 Exception <a 'java/lang/ArrayIndexOutOfBoundsException'> (0x00000000ec6e5678) thrown at [/HUDSON/workspace/8-2-build-linux-amd64/jdk8u91/6644/hotspot/src/share/vm/runtime/sharedRuntime.cpp, line 605]

Events (10 events):
Event: 9.067 Thread 0x00007f8e7c00a000 Uncommon trap: trap_request=0xffffffc6 fr.pc=0x00007f8e6c82c4a4
Event: 9.067 Thread 0x00007f8e7c00a000 DEOPT PACKING pc=0x00007f8e6c82c4a4 sp=0x00007f8e82143ac0
Event: 9.067 Thread 0x00007f8e7c00a000 DEOPT UNPACKING pc=0x00007f8e6c16f229 sp=0x00007f8e821439d8 mode 2
Event: 9.151 Thread 0x00007f8e7c00a000 Uncommon trap: trap_request=0xffffffc6 fr.pc=0x00007f8e6c90d760
Event: 9.151 Thread 0x00007f8e7c00a000 DEOPT PACKING pc=0x00007f8e6c90d760 sp=0x00007f8e82143900
Event: 9.151 Thread 0x00007f8e7c00a000 DEOPT UNPACKING pc=0x00007f8e6c16f229 sp=0x00007f8e821438e0 mode 2
Event: 9.151 Thread 0x00007f8e7c00a000 Uncommon trap: trap_request=0xffffffc6 fr.pc=0x00007f8e6c90d760
Event: 9.151 Thread 0x00007f8e7c00a000 DEOPT PACKING pc=0x00007f8e6c90d760 sp=0x00007f8e82143760
Event: 9.151 Thread 0x00007f8e7c00a000 DEOPT UNPACKING pc=0x00007f8e6c16f229 sp=0x00007f8e82143740 mode 2
Event: 9.715 Executing VM operation: ParallelGCFailedAllocation


Dynamic libraries:
00400000-00401000 r-xp 00000000 08:01 414412                             /usr/lib/jvm/java-8-oracle/bin/java
00600000-00601000 rw-p 00000000 08:01 414412                             /usr/lib/jvm/java-8-oracle/bin/java
00720000-00741000 rw-p 00000000 00:00 0                                  [heap]
c0000000-c2800000 rw-p 00000000 00:00 0 
c2800000-eab00000 ---p 00000000 00:00 0 
eab00000-f3f00000 rw-p 00000000 00:00 0 
fc600000-100000000 ---p 00000000 00:00 0 
100000000-1000a0000 rw-p 00000000 00:00 0 
1000a0000-140000000 ---p 00000000 00:00 0 
7f8e30000000-7f8e30021000 rw-p 00000000 00:00 0 
7f8e30021000-7f8e34000000 ---p 00000000 00:00 0 
7f8e34000000-7f8e34021000 rw-p 00000000 00:00 0 
7f8e34021000-7f8e38000000 ---p 00000000 00:00 0 
7f8e38000000-7f8e38fc0000 rw-p 00000000 00:00 0 
7f8e38fc0000-7f8e3c000000 ---p 00000000 00:00 0 
7f8e3c000000-7f8e3c825000 rw-p 00000000 00:00 0 
7f8e3c825000-7f8e40000000 ---p 00000000 00:00 0 
7f8e40000000-7f8e40021000 rw-p 00000000 00:00 0 
7f8e40021000-7f8e44000000 ---p 00000000 00:00 0 
7f8e44000000-7f8e44d14000 rw-p 00000000 00:00 0 
7f8e44d14000-7f8e48000000 ---p 00000000 00:00 0 
7f8e48000000-7f8e48021000 rw-p 00000000 00:00 0 
7f8e48021000-7f8e4c000000 ---p 00000000 00:00 0 
7f8e4c000000-7f8e4c021000 rw-p 00000000 00:00 0 
7f8e4c021000-7f8e50000000 ---p 00000000 00:00 0 
7f8e50000000-7f8e50295000 rw-p 00000000 00:00 0 
7f8e50295000-7f8e54000000 ---p 00000000 00:00 0 
7f8e54000000-7f8e54021000 rw-p 00000000 00:00 0 
7f8e54021000-7f8e58000000 ---p 00000000 00:00 0 
7f8e5ae19000-7f8e5ae1a000 ---p 00000000 00:00 0 
7f8e5ae1a000-7f8e5af1a000 rw-p 00000000 00:00 0 
7f8e5af1a000-7f8e5af1d000 ---p 00000000 00:00 0 
7f8e5af1d000-7f8e5b01b000 rw-p 00000000 00:00 0 
7f8e5b01b000-7f8e5b01e000 ---p 00000000 00:00 0 
7f8e5b01e000-7f8e5b11c000 rw-p 00000000 00:00 0 
7f8e5b11c000-7f8e5b11f000 ---p 00000000 00:00 0 
7f8e5b11f000-7f8e5b21d000 rw-p 00000000 00:00 0 
7f8e5b21d000-7f8e5b220000 ---p 00000000 00:00 0 
7f8e5b220000-7f8e5b31e000 rw-p 00000000 00:00 0 
7f8e5b31e000-7f8e5b321000 ---p 00000000 00:00 0 
7f8e5b321000-7f8e5b41f000 rw-p 00000000 00:00 0 
7f8e5b41f000-7f8e5b6f7000 r--p 00000000 08:01 400357                     /usr/lib/locale/locale-archive
7f8e5b6f7000-7f8e5b6fa000 ---p 00000000 00:00 0 
7f8e5b6fa000-7f8e5b7f8000 rw-p 00000000 00:00 0 
7f8e5b7f8000-7f8e5b7fb000 ---p 00000000 00:00 0 
7f8e5b7fb000-7f8e5b8f9000 rw-p 00000000 00:00 0 
7f8e5b8f9000-7f8e5b8fa000 ---p 00000000 00:00 0 
7f8e5b8fa000-7f8e5c000000 rw-p 00000000 00:00 0 
7f8e5c000000-7f8e5c021000 rw-p 00000000 00:00 0 
7f8e5c021000-7f8e60000000 ---p 00000000 00:00 0 
7f8e60000000-7f8e60021000 rw-p 00000000 00:00 0 
7f8e60021000-7f8e64000000 ---p 00000000 00:00 0 
7f8e64000000-7f8e64021000 rw-p 00000000 00:00 0 
7f8e64021000-7f8e68000000 ---p 00000000 00:00 0 
7f8e68082000-7f8e68094000 r--s 000c6000 08:02 7209051                    /home/ed/AndroidStudioProjects/workout/app/build/intermediates/exploded-aar/com.android.support/support-v4/22.2.1/jars/classes.jar
7f8e68094000-7f8e68a00000 rw-p 00000000 00:00 0 
7f8e68a00000-7f8e68bd9000 r--s 03d1f000 08:01 414649                     /usr/lib/jvm/java-8-oracle/jre/lib/rt.jar
7f8e68bd9000-7f8e692cf000 rw-p 00000000 00:00 0 
7f8e692cf000-7f8e6944f000 ---p 00000000 00:00 0 
7f8e6944f000-7f8e6b64f000 rw-p 00000000 00:00 0 
7f8e6b64f000-7f8e6b650000 ---p 00000000 00:00 0 
7f8e6b650000-7f8e6b750000 rw-p 00000000 00:00 0 
7f8e6b750000-7f8e6b751000 ---p 00000000 00:00 0 
7f8e6b751000-7f8e6b851000 rw-p 00000000 00:00 0 
7f8e6b851000-7f8e6b852000 ---p 00000000 00:00 0 
7f8e6b852000-7f8e6b952000 rw-p 00000000 00:00 0 
7f8e6b952000-7f8e6b953000 ---p 00000000 00:00 0 
7f8e6b953000-7f8e6ba67000 rw-p 00000000 00:00 0 
7f8e6ba67000-7f8e6bba9000 ---p 00000000 00:00 0 
7f8e6bba9000-7f8e6bbbd000 rw-p 00000000 00:00 0 
7f8e6bbbd000-7f8e6bcfe000 ---p 00000000 00:00 0 
7f8e6bcfe000-7f8e6bd49000 rw-p 00000000 00:00 0 
7f8e6bd49000-7f8e6bda9000 ---p 00000000 00:00 0 
7f8e6bda9000-7f8e6bdca000 rw-p 00000000 00:00 0 
7f8e6bdca000-7f8e6c16a000 ---p 00000000 00:00 0 
7f8e6c16a000-7f8e6c94a000 rwxp 00000000 00:00 0 
7f8e6c94a000-7f8e7b16a000 ---p 00000000 00:00 0 
7f8e7b16a000-7f8e7b184000 r-xp 00000000 08:01 414713                     /usr/lib/jvm/java-8-oracle/jre/lib/amd64/libzip.so
7f8e7b184000-7f8e7b384000 ---p 0001a000 08:01 414713                     /usr/lib/jvm/java-8-oracle/jre/lib/amd64/libzip.so
7f8e7b384000-7f8e7b385000 rw-p 0001a000 08:01 414713                     /usr/lib/jvm/java-8-oracle/jre/lib/amd64/libzip.so
7f8e7b385000-7f8e7b390000 r-xp 00000000 08:01 527600                     /lib/x86_64-linux-gnu/libnss_files-2.23.so
7f8e7b390000-7f8e7b58f000 ---p 0000b000 08:01 527600                     /lib/x86_64-linux-gnu/libnss_files-2.23.so
7f8e7b58f000-7f8e7b590000 r--p 0000a000 08:01 527600                     /lib/x86_64-linux-gnu/libnss_files-2.23.so
7f8e7b590000-7f8e7b591000 rw-p 0000b000 08:01 527600                     /lib/x86_64-linux-gnu/libnss_files-2.23.so
7f8e7b591000-7f8e7b597000 rw-p 00000000 00:00 0 
7f8e7b597000-7f8e7b5a2000 r-xp 00000000 08:01 527610                     /lib/x86_64-linux-gnu/libnss_nis-2.23.so
7f8e7b5a2000-7f8e7b7a1000 ---p 0000b000 08:01 527610                     /lib/x86_64-linux-gnu/libnss_nis-2.23.so
7f8e7b7a1000-7f8e7b7a2000 r--p 0000a000 08:01 527610                     /lib/x86_64-linux-gnu/libnss_nis-2.23.so
7f8e7b7a2000-7f8e7b7a3000 rw-p 0000b000 08:01 527610                     /lib/x86_64-linux-gnu/libnss_nis-2.23.so
7f8e7b7a3000-7f8e7b7b9000 r-xp 00000000 08:01 527594                     /lib/x86_64-linux-gnu/libnsl-2.23.so
7f8e7b7b9000-7f8e7b9b8000 ---p 00016000 08:01 527594                     /lib/x86_64-linux-gnu/libnsl-2.23.so
7f8e7b9b8000-7f8e7b9b9000 r--p 00015000 08:01 527594                     /lib/x86_64-linux-gnu/libnsl-2.23.so
7f8e7b9b9000-7f8e7b9ba000 rw-p 00016000 08:01 527594                     /lib/x86_64-linux-gnu/libnsl-2.23.so
7f8e7b9ba000-7f8e7b9bc000 rw-p 00000000 00:00 0 
7f8e7b9bc000-7f8e7b9c4000 r-xp 00000000 08:01 527596                     /lib/x86_64-linux-gnu/libnss_compat-2.23.so
7f8e7b9c4000-7f8e7bbc3000 ---p 00008000 08:01 527596                     /lib/x86_64-linux-gnu/libnss_compat-2.23.so
7f8e7bbc3000-7f8e7bbc4000 r--p 00007000 08:01 527596                     /lib/x86_64-linux-gnu/libnss_compat-2.23.so
7f8e7bbc4000-7f8e7bbc5000 rw-p 00008000 08:01 527596                     /lib/x86_64-linux-gnu/libnss_compat-2.23.so
7f8e7bbc5000-7f8e7bbef000 r-xp 00000000 08:01 414708                     /usr/lib/jvm/java-8-oracle/jre/lib/amd64/libjava.so
7f8e7bbef000-7f8e7bdef000 ---p 0002a000 08:01 414708                     /usr/lib/jvm/java-8-oracle/jre/lib/amd64/libjava.so
7f8e7bdef000-7f8e7bdf1000 rw-p 0002a000 08:01 414708                     /usr/lib/jvm/java-8-oracle/jre/lib/amd64/libjava.so
7f8e7bdf1000-7f8e7bdfe000 r-xp 00000000 08:01 414712                     /usr/lib/jvm/java-8-oracle/jre/lib/amd64/libverify.so
7f8e7bdfe000-7f8e7bffe000 ---p 0000d000 08:01 414712                     /usr/lib/jvm/java-8-oracle/jre/lib/amd64/libverify.so
7f8e7bffe000-7f8e7c000000 rw-p 0000d000 08:01 414712                     /usr/lib/jvm/java-8-oracle/jre/lib/amd64/libverify.so
7f8e7c000000-7f8e7c392000 rw-p 00000000 00:00 0 
7f8e7c392000-7f8e80000000 ---p 00000000 00:00 0 
7f8e80004000-7f8e80013000 r--s 000dd000 08:02 7079914                    /home/ed/Android/Sdk/build-tools/22.0.1/lib/dx.jar
7f8e80013000-7f8e80055000 rw-p 00000000 00:00 0 
7f8e80055000-7f8e8005c000 r-xp 00000000 08:01 527655                     /lib/x86_64-linux-gnu/librt-2.23.so
7f8e8005c000-7f8e8025b000 ---p 00007000 08:01 527655                     /lib/x86_64-linux-gnu/librt-2.23.so
7f8e8025b000-7f8e8025c000 r--p 00006000 08:01 527655                     /lib/x86_64-linux-gnu/librt-2.23.so
7f8e8025c000-7f8e8025d000 rw-p 00007000 08:01 527655                     /lib/x86_64-linux-gnu/librt-2.23.so
7f8e8025d000-7f8e80365000 r-xp 00000000 08:01 527573                     /lib/x86_64-linux-gnu/libm-2.23.so
7f8e80365000-7f8e80564000 ---p 00108000 08:01 527573                     /lib/x86_64-linux-gnu/libm-2.23.so
7f8e80564000-7f8e80565000 r--p 00107000 08:01 527573                     /lib/x86_64-linux-gnu/libm-2.23.so
7f8e80565000-7f8e80566000 rw-p 00108000 08:01 527573                     /lib/x86_64-linux-gnu/libm-2.23.so
7f8e80566000-7f8e81226000 r-xp 00000000 08:01 414690                     /usr/lib/jvm/java-8-oracle/jre/lib/amd64/server/libjvm.so
7f8e81226000-7f8e81426000 ---p 00cc0000 08:01 414690                     /usr/lib/jvm/java-8-oracle/jre/lib/amd64/server/libjvm.so
7f8e81426000-7f8e814fe000 rw-p 00cc0000 08:01 414690                     /usr/lib/jvm/java-8-oracle/jre/lib/amd64/server/libjvm.so
7f8e814fe000-7f8e81549000 rw-p 00000000 00:00 0 
7f8e81549000-7f8e81709000 r-xp 00000000 08:01 527505                     /lib/x86_64-linux-gnu/libc-2.23.so
7f8e81709000-7f8e81908000 ---p 001c0000 08:01 527505                     /lib/x86_64-linux-gnu/libc-2.23.so
7f8e81908000-7f8e8190c000 r--p 001bf000 08:01 527505                     /lib/x86_64-linux-gnu/libc-2.23.so
7f8e8190c000-7f8e8190e000 rw-p 001c3000 08:01 527505                     /lib/x86_64-linux-gnu/libc-2.23.so
7f8e8190e000-7f8e81912000 rw-p 00000000 00:00 0 
7f8e81912000-7f8e81915000 r-xp 00000000 08:01 527527                     /lib/x86_64-linux-gnu/libdl-2.23.so
7f8e81915000-7f8e81b14000 ---p 00003000 08:01 527527                     /lib/x86_64-linux-gnu/libdl-2.23.so
7f8e81b14000-7f8e81b15000 r--p 00002000 08:01 527527                     /lib/x86_64-linux-gnu/libdl-2.23.so
7f8e81b15000-7f8e81b16000 rw-p 00003000 08:01 527527                     /lib/x86_64-linux-gnu/libdl-2.23.so
7f8e81b16000-7f8e81b2b000 r-xp 00000000 08:01 668528                     /usr/lib/jvm/java-8-oracle/lib/amd64/jli/libjli.so
7f8e81b2b000-7f8e81d2b000 ---p 00015000 08:01 668528                     /usr/lib/jvm/java-8-oracle/lib/amd64/jli/libjli.so
7f8e81d2b000-7f8e81d2c000 rw-p 00015000 08:01 668528                     /usr/lib/jvm/java-8-oracle/lib/amd64/jli/libjli.so
7f8e81d2c000-7f8e81d44000 r-xp 00000000 08:01 527647                     /lib/x86_64-linux-gnu/libpthread-2.23.so
7f8e81d44000-7f8e81f43000 ---p 00018000 08:01 527647                     /lib/x86_64-linux-gnu/libpthread-2.23.so
7f8e81f43000-7f8e81f44000 r--p 00017000 08:01 527647                     /lib/x86_64-linux-gnu/libpthread-2.23.so
7f8e81f44000-7f8e81f45000 rw-p 00018000 08:01 527647                     /lib/x86_64-linux-gnu/libpthread-2.23.so
7f8e81f45000-7f8e81f49000 rw-p 00000000 00:00 0 
7f8e81f49000-7f8e81f6f000 r-xp 00000000 08:01 527477                     /lib/x86_64-linux-gnu/ld-2.23.so
7f8e81f73000-7f8e82045000 rw-p 00000000 00:00 0 
7f8e82045000-7f8e82048000 ---p 00000000 00:00 0 
7f8e82048000-7f8e8214a000 rw-p 00000000 00:00 0 
7f8e8214e000-7f8e82162000 rw-p 00000000 00:00 0 
7f8e82162000-7f8e8216a000 rw-s 00000000 08:01 176358                     /tmp/hsperfdata_ed/3635
7f8e8216a000-7f8e8216b000 rw-p 00000000 00:00 0 
7f8e8216b000-7f8e8216c000 ---p 00000000 00:00 0 
7f8e8216c000-7f8e8216e000 rw-p 00000000 00:00 0 
7f8e8216e000-7f8e8216f000 r--p 00025000 08:01 527477                     /lib/x86_64-linux-gnu/ld-2.23.so
7f8e8216f000-7f8e82170000 rw-p 00026000 08:01 527477                     /lib/x86_64-linux-gnu/ld-2.23.so
7f8e82170000-7f8e82171000 rw-p 00000000 00:00 0 
7fff206ab000-7fff206cc000 rw-p 00000000 00:00 0                          [stack]
7fff2079e000-7fff207a0000 r--p 00000000 00:00 0                          [vvar]
7fff207a0000-7fff207a2000 r-xp 00000000 00:00 0                          [vdso]
ffffffffff600000-ffffffffff601000 r-xp 00000000 00:00 0                  [vsyscall]

VM Arguments:
jvm_args: -Djava.awt.headless=true -Xmx1024M -Dfile.encoding=UTF-8 -Duser.country=US -Duser.language=en -Duser.variant 
java_command: com.android.dx.command.Main --dex --force-jumbo --multi-dex --output /home/ed/AndroidStudioProjects/workout/app/build/intermediates/transforms/dex/debug/folders/1000/10/com.android.support-support-v4-22.2.1_25ca853a73fc01a5a9de6c5ed0b5336940b71024 /home/ed/AndroidStudioProjects/workout/app/build/intermediates/exploded-aar/com.android.support/support-v4/22.2.1/jars/classes.jar
java_class_path (initial): /home/ed/Android/Sdk/build-tools/22.0.1/lib/dx.jar
Launcher Type: SUN_STANDARD

Environment Variables:
PATH=/usr/local/sbin:/usr/local/bin:/usr/sbin:/usr/bin:/sbin:/bin:/usr/games:/usr/local/games:/snap/bin
LD_LIBRARY_PATH=/home/ed/Android/android-studio/bin:
SHELL=/bin/bash
DISPLAY=:0

Signal Handlers:
SIGSEGV: [libjvm.so+0xabca10], sa_mask[0]=11111111011111111101111111111110, sa_flags=SA_RESTART|SA_SIGINFO
SIGBUS: [libjvm.so+0xabca10], sa_mask[0]=11111111011111111101111111111110, sa_flags=SA_RESTART|SA_SIGINFO
SIGFPE: [libjvm.so+0x919a20], sa_mask[0]=11111111011111111101111111111110, sa_flags=SA_RESTART|SA_SIGINFO
SIGPIPE: [libjvm.so+0x919a20], sa_mask[0]=11111111011111111101111111111110, sa_flags=SA_RESTART|SA_SIGINFO
SIGXFSZ: [libjvm.so+0x919a20], sa_mask[0]=11111111011111111101111111111110, sa_flags=SA_RESTART|SA_SIGINFO
SIGILL: [libjvm.so+0x919a20], sa_mask[0]=11111111011111111101111111111110, sa_flags=SA_RESTART|SA_SIGINFO
SIGUSR1: SIG_DFL, sa_mask[0]=00000000000000000000000000000000, sa_flags=none
SIGUSR2: [libjvm.so+0x91b050], sa_mask[0]=00100000000000000000000000000000, sa_flags=SA_RESTART|SA_SIGINFO
SIGHUP: [libjvm.so+0x91c450], sa_mask[0]=11111111011111111101111111111110, sa_flags=SA_RESTART|SA_SIGINFO
SIGINT: [libjvm.so+0x91c450], sa_mask[0]=11111111011111111101111111111110, sa_flags=SA_RESTART|SA_SIGINFO
SIGTERM: [libjvm.so+0x91c450], sa_mask[0]=11111111011111111101111111111110, sa_flags=SA_RESTART|SA_SIGINFO
SIGQUIT: [libjvm.so+0x91c450], sa_mask[0]=11111111011111111101111111111110, sa_flags=SA_RESTART|SA_SIGINFO


---------------  S Y S T E M  ---------------

OS:DISTRIB_ID=Ubuntu
DISTRIB_RELEASE=16.04
DISTRIB_CODENAME=xenial
DISTRIB_DESCRIPTION="Ubuntu 16.04 LTS"

uname:Linux 4.4.0-28-generic #47-Ubuntu SMP Fri Jun 24 10:09:13 UTC 2016 x86_64
libc:glibc 2.23 NPTL 2.23 
rlimit: STACK 8192k, CORE 0k, NPROC 14757, NOFILE 65536, AS infinity
load average:4.64 1.96 1.11

/proc/meminfo:
MemTotal:        3816700 kB
MemFree:          152680 kB
MemAvailable:      85060 kB
Buffers:             728 kB
Cached:           211296 kB
SwapCached:            0 kB
Active:          3357080 kB
Inactive:         153428 kB
Active(anon):    3323804 kB
Inactive(anon):   120604 kB
Active(file):      33276 kB
Inactive(file):    32824 kB
Unevictable:          32 kB
Mlocked:              32 kB
SwapTotal:             0 kB
SwapFree:              0 kB
Dirty:              1624 kB
Writeback:             0 kB
AnonPages:       3298332 kB
Mapped:           105288 kB
Shmem:            145932 kB
Slab:              69640 kB
SReclaimable:      34144 kB
SUnreclaim:        35496 kB
KernelStack:       10112 kB
PageTables:        43020 kB
NFS_Unstable:          0 kB
Bounce:                0 kB
WritebackTmp:          0 kB
CommitLimit:     1908348 kB
Committed_AS:    7126232 kB
VmallocTotal:   34359738367 kB
VmallocUsed:           0 kB
VmallocChunk:          0 kB
HardwareCorrupted:     0 kB
AnonHugePages:   1216512 kB
CmaTotal:              0 kB
CmaFree:               0 kB
HugePages_Total:       0
HugePages_Free:        0
HugePages_Rsvd:        0
HugePages_Surp:        0
Hugepagesize:       2048 kB
DirectMap4k:       84608 kB
DirectMap2M:     3878912 kB


CPU:total 4 (2 cores per cpu, 2 threads per core) family 6 model 42 stepping 7, cmov, cx8, fxsr, mmx, sse, sse2, sse3, ssse3, sse4.1, sse4.2, popcnt, avx, aes, clmul, ht, tsc, tscinvbit

/proc/cpuinfo:
processor	: 0
vendor_id	: GenuineIntel
cpu family	: 6
model		: 42
model name	: Intel(R) Core(TM) i5-2520M CPU @ 2.50GHz
stepping	: 7
microcode	: 0x28
cpu MHz		: 2914.160
cache size	: 3072 KB
physical id	: 0
siblings	: 4
core id		: 0
cpu cores	: 2
apicid		: 0
initial apicid	: 0
fpu		: yes
fpu_exception	: yes
cpuid level	: 13
wp		: yes
flags		: fpu vme de pse tsc msr pae mce cx8 apic sep mtrr pge mca cmov pat pse36 clflush dts acpi mmx fxsr sse sse2 ss ht tm pbe syscall nx rdtscp lm constant_tsc arch_perfmon pebs bts nopl xtopology nonstop_tsc aperfmperf eagerfpu pni pclmulqdq dtes64 monitor ds_cpl vmx smx est tm2 ssse3 cx16 xtpr pdcm pcid sse4_1 sse4_2 x2apic popcnt tsc_deadline_timer aes xsave avx lahf_lm epb tpr_shadow vnmi flexpriority ept vpid xsaveopt dtherm ida arat pln pts
bugs		:
bogomips	: 4984.09
clflush size	: 64
cache_alignment	: 64
address sizes	: 36 bits physical, 48 bits virtual
power management:

processor	: 1
vendor_id	: GenuineIntel
cpu family	: 6
model		: 42
model name	: Intel(R) Core(TM) i5-2520M CPU @ 2.50GHz
stepping	: 7
microcode	: 0x28
cpu MHz		: 2979.394
cache size	: 3072 KB
physical id	: 0
siblings	: 4
core id		: 0
cpu cores	: 2
apicid		: 1
initial apicid	: 1
fpu		: yes
fpu_exception	: yes
cpuid level	: 13
wp		: yes
flags		: fpu vme de pse tsc msr pae mce cx8 apic sep mtrr pge mca cmov pat pse36 clflush dts acpi mmx fxsr sse sse2 ss ht tm pbe syscall nx rdtscp lm constant_tsc arch_perfmon pebs bts nopl xtopology nonstop_tsc aperfmperf eagerfpu pni pclmulqdq dtes64 monitor ds_cpl vmx smx est tm2 ssse3 cx16 xtpr pdcm pcid sse4_1 sse4_2 x2apic popcnt tsc_deadline_timer aes xsave avx lahf_lm epb tpr_shadow vnmi flexpriority ept vpid xsaveopt dtherm ida arat pln pts
bugs		:
bogomips	: 4984.09
clflush size	: 64
cache_alignment	: 64
address sizes	: 36 bits physical, 48 bits virtual
power management:

processor	: 2
vendor_id	: GenuineIntel
cpu family	: 6
model		: 42
model name	: Intel(R) Core(TM) i5-2520M CPU @ 2.50GHz
stepping	: 7
microcode	: 0x28
cpu MHz		: 2945.996
cache size	: 3072 KB
physical id	: 0
siblings	: 4
core id		: 1
cpu cores	: 2
apicid		: 2
initial apicid	: 2
fpu		: yes
fpu_exception	: yes
cpuid level	: 13
wp		: yes
flags		: fpu vme de pse tsc msr pae mce cx8 apic sep mtrr pge mca cmov pat pse36 clflush dts acpi mmx fxsr sse sse2 ss ht tm pbe syscall nx rdtscp lm constant_tsc arch_perfmon pebs bts nopl xtopology nonstop_tsc aperfmperf eagerfpu pni pclmulqdq dtes64 monitor ds_cpl vmx smx est tm2 ssse3 cx16 xtpr pdcm pcid sse4_1 sse4_2 x2apic popcnt tsc_deadline_timer aes xsave avx lahf_lm epb tpr_shadow vnmi flexpriority ept vpid xsaveopt dtherm ida arat pln pts
bugs		:
bogomips	: 4984.09
clflush size	: 64
cache_alignment	: 64
address sizes	: 36 bits physical, 48 bits virtual
power management:

processor	: 3
vendor_id	: GenuineIntel
cpu family	: 6
model		: 42
model name	: Intel(R) Core(TM) i5-2520M CPU @ 2.50GHz
stepping	: 7
microcode	: 0x28
cpu MHz		: 2986.718
cache size	: 3072 KB
physical id	: 0
siblings	: 4
core id		: 1
cpu cores	: 2
apicid		: 3
initial apicid	: 3
fpu		: yes
fpu_exception	: yes
cpuid level	: 13
wp		: yes
flags		: fpu vme de pse tsc msr pae mce cx8 apic sep mtrr pge mca cmov pat pse36 clflush dts acpi mmx fxsr sse sse2 ss ht tm pbe syscall nx rdtscp lm constant_tsc arch_perfmon pebs bts nopl xtopology nonstop_tsc aperfmperf eagerfpu pni pclmulqdq dtes64 monitor ds_cpl vmx smx est tm2 ssse3 cx16 xtpr pdcm pcid sse4_1 sse4_2 x2apic popcnt tsc_deadline_timer aes xsave avx lahf_lm epb tpr_shadow vnmi flexpriority ept vpid xsaveopt dtherm ida arat pln pts
bugs		:
bogomips	: 4984.09
clflush size	: 64
cache_alignment	: 64
address sizes	: 36 bits physical, 48 bits virtual
power management:



Memory: 4k page, physical 3816700k(152680k free), swap 0k(0k free)

vm_info: Java HotSpot(TM) 64-Bit Server VM (25.91-b14) for linux-amd64 JRE (1.8.0_91-b14), built on Apr  1 2016 00:57:21 by "java_re" with gcc 4.3.0 20080428 (Red Hat 4.3.0-8)

time: Sat Jul  9 10:31:20 2016
elapsed time: 9 seconds (0d 0h 0m 9s)

